<?xml version="1.0" encoding="UTF-8"?>
<testng-results skipped="0" failed="0" ignored="0" total="0" passed="0">
  <reporter-output>
  </reporter-output>
  <suite name="Default suite" duration-ms="35712" started-at="2019-02-28T12:06:03Z" finished-at="2019-02-28T12:06:39Z">
    <groups>
    </groups>
    <test name="Default test" duration-ms="35712" started-at="2019-02-28T12:06:03Z" finished-at="2019-02-28T12:06:39Z">
      <class name="com.QaInfotech.Stepdef.CucumberRunner_Test">
        <test-method status="PASS" signature="setup()[pri:0, instance:com.QaInfotech.Stepdef.CucumberRunner_Test@77cd7a0]" name="setup" is-config="true" duration-ms="35650" started-at="2019-02-28T12:06:03Z" finished-at="2019-02-28T12:06:39Z">
          <reporter-output>
          </reporter-output>
        </test-method> <!-- setup -->
      </class> <!-- com.QaInfotech.Stepdef.CucumberRunner_Test -->
    </test> <!-- Default test -->
  </suite> <!-- Default suite -->
</testng-results>
